<?xml version="1.0" encoding="UTF-8"?>
<testsuite xmlns:xsi="http://www.w3.org/2001/XMLSchema-instance" xsi:noNamespaceSchemaLocation="https://maven.apache.org/surefire/maven-surefire-plugin/xsd/surefire-test-report-3.0.xsd" version="3.0" name="aforo255.security.jwt.ExampleResourceTest" time="19.245" tests="1" errors="0" skipped="0" failures="0">
  <properties>
[...]
</properties>
  <testcase name="testHelloEndpoint" classname="aforo255.security.jwt.ExampleResourceTest" time="3.971">
    <system-out><![CDATA[2021-04-21 17:07:29,284 INFO  [io.quarkus] (main) Quarkus 1.7.0.Final on JVM started in 7.474s. Listening on: http://0.0.0.0:8081
2021-04-21 17:07:29,289 INFO  [io.quarkus] (main) Profile test activated. 
2021-04-21 17:07:29,289 INFO  [io.quarkus] (main) Installed features: [cdi, kubernetes, mutiny, resteasy, resteasy-jsonb, security, smallrye-context-propagation, smallrye-jwt, vertx, vertx-web]
]]></system-out>
  </testcase>
</testsuite>